8 242 288 131 245 39 188 5 247
1 226
3 259 63 153
4 12 292 109 253
4 208 197 138 202
4 135 73 128 267
2 23 45
1 88
0 
6 111 154 240 279 38 291
2 16 89
4 228 297 64 24
4 152 295 146 218
2 34 93
2 96 162
0 
3 290 103 231
2 95 235
4 104 273 58 46
2 97 193
1 99
2 181 172
0 
4 164 139 220 246
1 150
6 180 70 177 57 31 274
5 136 28 210 173 51
3 216 205 237
2 203 227
2 144 115
2 277 175
3 293 225 22
6 107 266 105 71 132 26
2 108 8
4 126 159 79 222
3 296 254 56
3 133 41 100
3 75 92 194
3 158 122 299
2 145 137
2 167 44
0 
4 112 282 258 269
3 98 224 268
1 251
4 155 113 18 81
2 148 178
3 257 229 191
4 213 11 250 230
2 298 69
5 59 206 209 160 280
2 43 278
3 287 252 195
4 289 14 55 211
3 116 217 215
2 236 263
3 260 223 276
2 256 186
2 261 110
2 168 286
5 201 190 82 157 29
3 83 149 198
2 140 67
3 249 264 7
1 76
1 2
1 184
3 54 72 166
6 212 62 283 176 232 53
3 151 9 187
3 119 204 163
2 284 61
4 189 192 120 90
4 74 200 40 199
0 
3 265 10 239
3 185 3 169
5 101 161 262 171 6
3 47 248 165
4 141 49 143 21
6 294 125 174 102 182 183
1 255
3 1 124 118
5 127 80 50 35 37
2 48 207
5 156 238 147 117 52
0 
6 285 121 272 214 241 30
4 19 275 134 130
3 78 20 66
6 219 85 25 142 32 77
3 15 42 86
3 106 60 17
3 170 281 84
4 0 196 233 123
1 243
4 13 87 129 270
3 271 68 27
2 94 4
3 114 244 91