50 852 9607 6972 8230 7543 4287 8102 3503 3578 9690 755 7181 8726 2688 9452 6090 1972 4387 5741 5106 5728 4342 9703 4640 9532 466 5603 9321 6860 9019 3611 7163 9933 8249 1033 9289 5142 9474 3454 5526 8668 9682 5518 9073 5151 4031 5213 5668 3289 8704
47 1954 240 4060 5426 4087 8922 8287 8575 9420 5716 8874 8431 7014 2987 8010 5781 8616 610 2345 4766 4059 670 7141 8906 2165 4918 3618 2030 8381 5486 661 8829 1374 1894 4126 9973 9279 8862 1473 4890 7347 371 8222 7139 3527 1153 514
44 3729 2421 101 4299 6379 6473 4075 747 1342 5346 4714 4172 5026 2104 9768 2625 3857 6392 6787 7158 7462 3887 44 6590 9611 2453 9910 5630 3565 4771 1112 7592 8049 489 2594 3721 8551 4186 8965 6333 879 4103 4226 7650
43 6719 175 2925 6143 4502 8423 2760 78 1759 2416 3067 4577 861 196 4972 6826 5239 7020 6060 2191 4900 5296 6141 3718 4403 9363 4235 7156 2691 7261 3963 4203 821 736 31 7738 9258 6525 7039 7921 3227 238 3093
43 4476 6167 9681 7499 4889 5880 227 4381 3797 1392 2290 2811 4375 4274 6982 5572 8041 360 7586 2007 8132 4905 8570 2678 7879 2173 4282 9993 2981 3045 3886 8169 7966 6067 2495 5940 6820 7605 1256 4443 4110 9696 5800
48 631 9132 1823 2911 8232 8126 8257 1319 6010 3895 2272 891 1165 7710 9204 3908 3677 2206 9928 6337 8665 3161 8850 132 8042 8793 590 8269 2540 6869 4116 6248 686 7501 7189 899 4654 7003 682 3511 1924 4863 7234 3326 5377 7657 6736 1785
44 2836 8100 933 3742 2750 8560 7679 737 1729 7862 5480 9374 8520 7477 4687 9600 764 6092 2161 8779 9344 138 8611 3201 7569 5919 552 4657 9299 2621 9669 6916 2942 5990 5733 8959 2990 5433 2200 5811 7856 9794 2052 2797
47 370 7329 1248 4821 9366 6498 4442 6931 7656 5403 108 5483 9964 3098 4413 2314 8620 1981 9716 7368 5789 7213 580 5136 8863 166 5227 7528 7755 3647 9713 1493 542 4195 2948 4836 2884 4146 6920 8825 9054 8144 4279 703 6692 6169 6783
45 6755 7479 6847 8526 3917 3083 2773 7873 3129 1404 6311 694 6743 4209 5357 9758 9935 4016 1017 8604 4610 548 1087 4273 576 4237 5851 4267 7828 5506 7928 5902 2285 4752 233 1225 525 4382 3076 5818 1927 5868 3242 2779 6995
44 926 1227 1114 8599 7210 8573 6406 4919 4951 960 9059 136 977 7963 6144 6320 9338 293 2771 6321 6123 9479 1918 4770 3073 828 6900 357 4853 5272 3124 5046 2303 8215 3309 8991 5999 7262 1919 8528 4574 697 1297 4745
48 7389 390 583 4298 2824 5353 7846 5157 4736 419 1816 41 4182 9123 2338 1574 3856 4358 1608 120 4581 1027 4170 5632 3307 9558 9731 5839 8962 3396 8059 3254 1198 8360 4613 970 1180 6188 6213 8015 4911 9779 6988 783 3525 253 9140 2091
44 6896 8521 9855 134 6893 96 7617 7534 8106 9165 2470 9888 2865 575 413 5091 1140 4713 7607 7220 585 6639 8039 1269 699 4070 9454 667 3395 4795 3749 8450 1565 5295 3878 7013 6793 6759 9878 8228 3075 3552 9062 3327
43 9288 89 5598 6695 2741 7911 206 1399 449 3701 5607 2011 8626 6830 5591 7055 743 2718 9365 1555 7979 398 4638 9478 624 5538 7 6187 316 8002 3710 6183 6355 1773 1203 8644 9679 8014 5942 6065 6723 4032 2169
43 9615 7258 534 4981 5442 8767 9322 4212 6994 2308 8274 4078 7943 422 2854 4851 4262 3442 1434 4761 6037 1479 7252 63 997 3426 4033 1337 2912 1483 7053 7752 4169 6777 3604 600 5101 5766 34 6274 8284 6001 950
45 9199 1461 3141 4198 3757 6883 6212 5443 300 5470 4993 3017 8121 335 7692 7223 5104 7936 5337 7469 247 3311 7121 6375 7529 5821 5585 9400 2727 8201 9102 91 9451 3669 3755 8717 6031 47 1278 260 3127 1839 5546 6461 3373
48 1247 9223 6365 4820 4196 3533 3880 5826 2585 2417 9798 2923 7539 4179 2000 6567 5203 4666 5616 2643 6099 5549 8473 7225 5803 4707 9890 6043 7960 1726 7340 6884 5665 3303 3447 5729 5708 2976 2380 1841 6363 5022 82 4391 8415 3202 5134 9834
49 4194 1312 2006 3346 4118 5284 6804 4045 1396 1211 7523 851 1971 1851 2766 7338 3694 2784 914 6293 983 7239 9620 1876 1621 3453 4167 9507 473 6465 3589 3155 3918 6138 1512 6354 8323 2105 8494 6934 3807 9912 4157 3698 2354 4847 4435 9432 8577
47 8079 3339 9780 1137 1629 5455 5192 1441 9071 4362 311 6655 3871 5620 4785 4754 9788 5749 9900 774 5920 1940 8955 3645 581 1526 3743 8511 1572 8162 4985 2433 3760 3912 9792 2419 9870 7576 3715 4825 6784 5064 4289 1811 2770 30 9951
45 3050 232 8363 5246 261 5399 9466 1455 4831 517 3834 3714 3849 8419 1905 1193 1371 2024 4005 3875 9192 8463 2996 9061 2306 3 6285 869 5874 7024 2441 2029 5570 8339 4694 5738 9606 4895 1586 6164 5782 5401 4433 7790 1364
47 3545 1413 3897 2039 4135 4871 3491 8532 3573 8798 5247 426 8941 3377 8812 5757 5321 8579 9667 8032 7764 3686 6051 3336 9300 8602 609 7655 4210 267 1468 6557 4861 9557 4953 7739 7149 1134 7040 1075 896 9894 1826 9764 6444 1714 7633
49 6470 5148 9663 9269 7165 8900 2333 9203 2443 7046 6727 7011 1158 1003 5994 4339 2639 1081 9194 5496 976 4660 1692 6571 5515 6254 6369 8335 3602 3417 2896 3506 5688 8861 592 4536 1801 4498 4619 9992 6475 4215 2046 3486 4388 5477 5550 3582 9113
45 3099 4424 7093 7030 8934 9381 8617 3404 1290 4393 7452 1281 3228 3744 8435 2081 9504 7613 8956 6073 9370 4855 2458 2028 9789 2086 4286 7205 7054 881 5338 3653 1197 1015 1072 3421 9563 5127 9575 1549 9318 5009 1897 9581 1213
49 1091 3692 4326 7224 4258 8429 9380 2554 706 1810 479 4963 1279 5078 4970 9508 1021 7751 905 1600 9594 1487 3487 7700 4937 3672 6431 8856 7743 1790 8212 6166 2349 9476 3530 835 4664 3564 9936 1736 2571 4802 6416 5631 768 6585 9637 2327 6588
44 5207 423 2578 2175 779 6261 7270 8716 1583 1073 8388 9968 1738 9033 5223 9257 4094 6162 6986 4986 9301 5617 9799 5044 8349 8733 8828 2343 9914 681 249 4590 8747 1703 2892 3375 6882 3828 2809 2700 2367 2219 6877 4597
42 572 975 7830 630 3787 1982 4426 8925 8174 2324 4007 1076 6865 7952 1411 9519 5103 6124 5737 6563 4858 2197 3522 2042 2683 504 516 6993 6701 4041 4063 3720 5184 3429 2008 725 2394 8163 4669 9055 7277 9120
50 5186 5439 8288 7283 7355 570 1601 2940 4931 1482 1000 1228 5640 8541 637 4176 7961 1354 2362 5936 4058 8161 4627 7211 6977 9497 9490 2228 8847 5552 1538 2261 1445 1784 221 5605 9329 6466 2342 4334 9317 7047 794 7733 1224 9207 7741 6961 8781 2374
46 3778 696 9689 6751 6158 4529 4242 7706 3599 6897 6151 1606 4899 6514 5418 2544 7108 1192 6364 4775 6950 7110 8627 8112 9393 2295 5057 6595 567 1563 6135 6278 1043 588 2377 9726 3152 6199 2557 431 8127 3703 9357 4357 642 1691
49 4622 6071 3183 418 790 9957 2636 3203 9011 4200 6230 9759 4539 2083 5893 4547 9052 6400 886 4083 2484 4551 4390 2067 3961 2587 8548 6959 1458 892 8445 8470 5421 9995 3499 5859 6343 2498 1860 3768 9624 5028 1623 4380 669 8465 3207 147 8808
51 7411 5467 1916 1125 8077 6704 2198 8224 5833 3585 1546 2477 7763 2073 5944 8343 6240 5615 2214 5085 2762 826 3822 9066 6610 7553 4758 1463 3298 1339 6039 8027 3583 4959 4322 4474 5094 8433 3390 2291 2121 203 9601 415 7934 1064 9641 6947 918 8907 8033
45 7771 5034 5003 1117 6686 2296 7409 9218 1521 760 8043 7146 8802 435 1907 4705 2788 9094 1157 714 2225 9498 6811 5820 2752 1063 6974 7507 8384 2240 6620 9528 7993 3684 4956 2033 925 7109 2392 3784 8822 7915 7371 8990 6733
45 8234 651 2128 3019 4509 7844 9213 7130 2133 3534 7244 7251 6316 2082 6814 9719 2241 3121 3547 5945 436 9770 3638 6471 4516 1177 9712 713 7672 9705 2018 3924 471 6799 759 8977 9153 4621 2973 3100 2764 3514 9326 8870 5268
47 6761 6438 8624 437 4522 3794 5132 9727 6622 4398 9463 8009 2847 7967 5280 6656 6411 7970 1368 8957 4692 3632 6113 4566 936 5365 9232 8670 981 4192 7855 170 6648 4812 9008 6835 7786 5876 7420 4746 2196 5759 4768 7444 5997 5240 9212
44 5941 67 6402 280 1170 8366 740 376 4026 524 7624 6899 4076 798 8374 7186 4568 1315 9096 1568 4924 8833 8752 1066 7458 4689 5298 6968 8342 1654 4291 9018 1166 1474 1603 4721 1357 678 6112 8265 9425 4902 5523 5397
42 8552 6492 9068 9948 2215 9000 5314 3830 1 9005 1631 6496 5745 9717 527 6244 366 9845 1888 1418 2127 7542 9589 7649 4611 800 6298 9537 1287 8794 3959 8145 117 5595 7500 2001 7646 9718 1095 6104 6888 8614
51 2048 155 2116 8805 923 8452 6022 7323 3051 5231 8294 8993 3130 4144 6898 9278 503 7687 8317 3145 7418 3146 3335 9211 2517 4406 8811 3771 8024 6521 9593 8071 5392 2732 7102 9942 7721 3234 3548 3178 3587 1123 6960 4553 3691 5332 5259 4879 73 265 2607
43 8671 9829 1381 1523 2307 2686 7727 5065 5497 6813 5244 3210 5583 4514 2586 7360 8720 6290 12 2707 8205 980 720 6077 9867 2790 4987 5079 2702 9493 9170 873 4877 6922 4419 1038 6208 5087 9921 2957 6076 9873 9024
46 6630 2386 6057 710 4271 7203 2715 5568 8909 2199 5609 3546 3214 194 9 4181 9706 2074 9739 6841 8130 4115 3688 5491 1133 1466 2468 3379 5310 209 8785 481 4677 7182 2140 1070 4411 7427 8666 6663 6936 4628 6528 3777 3975 4686
47 2492 663 1183 4400 5628 3261 2476 4969 6373 8171 6767 299 7078 7677 353 4668 114 2022 5933 6040 593 9879 5428 7419 6586 5114 5946 957 9586 508 1023 2568 1830 277 5801 2879 7776 5360 4945 2546 8187 2026 2148 2192 2529 9160 5276
42 4818 9967 7747 3727 8844 996 5256 1030 8976 1809 6545 1934 2253 4531 8731 894 4742 8542 9050 992 854 6643 2084 7597 3297 484 3342 9599 55 8639 9237 1615 3058 1945 4268 6801 5667 3932 8051 9465 1789 4878
46 6436 7383 8505 9547 8787 7762 731 9121 2857 7745 2561 4641 2089 9285 5847 6381 2970 4253 4521 2885 842 6587 9022 9837 6540 8270 2099 1664 7391 1993 2372 65 3246 6055 8780 7614 4098 172 1270 1090 3997 7695 6459 6516 7506 9405
44 7715 906 1345 8697 1590 6569 6228 5835 7446 4909 8383 6102 2638 6277 1953 7083 2340 7352 5329 9373 4455 3540 3792 1059 4681 7505 8792 4532 2509 1825 4828 4014 292 5050 2249 1589 3262 8769 1500 3006 1639 3926 8221 3537
46 5798 8404 3451 5189 5333 787 7775 1634 8536 537 2979 5135 8298 7583 9291 6519 8409 7924 9186 1231 458 1006 7509 7713 3894 1676 9585 308 9526 5335 345 9337 1326 643 8475 812 6756 6726 7088 4787 488 5793 3500 8493 511 1957
50 5633 6121 6295 2359 7100 3296 2580 7291 8331 2532 7732 1537 8460 1214 8135 1222 4301 1609 1834 3818 7099 7025 3251 4773 2131 9036 6467 213 7333 2207 8008 8424 5765 2260 7560 8348 3560 5145 2080 4908 7566 3480 4178 8749 6928 4140 1929 9745 8123 8197
45 6119 7725 6066 7154 7554 4585 4661 1372 4225 7784 4980 5265 9453 9494 4220 9771 6046 9079 4934 6016 2014 9173 7405 3394 6462 9484 7366 4700 8513 8200 5194 9793 342 99 6202 6168 829 7228 1044 3654 3940 4159 1309 9265 3502
42 9835 2405 7068 9987 5300 7953 916 8584 7238 6294 9051 8867 2958 8218 5531 3850 5643 7138 4679 4629 2194 550 2774 9517 6081 1013 5772 3353 6357 8094 189 5198 98 2157 505 9805 8530 8229 9464 3333 8211 9752
44 9099 7902 4162 8375 2106 2478 2919 4943 8233 49 7378 394 2761 3475 3882 8804 4051 4564 4862 3176 8329 6891 6766 7906 5977 9345 7782 9926 8882 9342 1508 5636 7096 7609 2180 6339 6621 5588 1152 3559 3027 8948 1968 5932
47 5850 9128 2516 243 3131 3821 8943 2690 248 9253 4255 3325 6214 4883 1757 5871 9743 6200 721 5082 3904 4034 8512 6515 2274 493 9141 5230 5658 179 2616 3225 1449 4511 9576 4440 8405 2694 608 1122 9441 9424 2292 5462 7037 5236 9339
51 9502 470 8681 6163 6789 9106 1028 1516 3664 3320 6797 2787 5185 9577 2934 7298 2310 8247 7127 526 5753 4859 2271 5219 6447 5465 5318 7162 4345 9195 8244 6592 5402 5048 2536 656 61 4086 1642 9306 5756 5038 1644 2360 9282 5846 2944 9747 64 472 4651
47 5193 2176 967 6142 6697 993 9698 5913 9887 7765 9548 6731 1447 8936 3848 6861 8220 8911 4782 8958 4948 1035 3956 7105 3187 8097 3117 3253 9044 2284 1425 2863 141 8651 2518 5534 5109 8729 5802 1796 1476 7478 5475 6600 4709 4261 8151
45 6264 3793 3190 5472 1026 5799 6108 9208 5352 1393 3119 8564 5978 9324 8884 3437 4213 4716 8489 9448 5444 2242 5407 7346 6675 7379 347 4202 9852 234 7817 9520 410 16 201 5883 3649 4719 6976 3213 6152 6650 7176 4445 2526
51 4733 4656 2088 5000 3025 4992 3464 361 6494 258 3985 5918 2096 8159 4216 7199 795 9646 2730 8400 2670 6969 6334 5473 8588 4218 9139 9685 6464 5283 7435 3660 1914 2488 9647 7324 1074 4867 2466 152 3883 6338 149 4541 4873 8969 5152 617 105 343 3767
45 7813 3490 3812 2449 3273 1635 7354 819 5968 6117 6064 9017 8674 5960 447 9001 8988 8803 8394 4332 4755 3275 6457 962 2685 1366 5068 5970 8256 109 6013 1129 1209 9429 4788 1065 5637 3974 8578 5493 290 3788 8596 2076 2522
46 6074 2404 9135 9969 1887 6093 3028 3094 2969 8196 9200 468 9002 3002 5886 9886 5739 5474 4452 9546 8253 4154 3001 2757 2231 838 1022 1818 9924 7212 3385 979 2435 3364 6607 5126 6817 2998 8054 7651 2749 1948 5215 7724 7018 6584
45 7135 8011 5840 3164 574 9542 6398 3060 2980 6378 9239 4466 1620 1156 2964 4994 1054 2870 3476 1944 625 6858 1159 8719 7847 8250 1101 7801 8297 6615 5950 6134 6556 4269 2581 9786 3467 9596 4869 7059 7456 4315 1819 8913 2187
48 9435 9004 6644 4229 6109 303 7675 9193 7498 339 5773 4635 3386 7991 6454 7708 6667 9145 7947 2535 8864 2984 3497 6421 6698 8886 888 8214 7716 7632 6857 9922 3474 8753 6864 8583 8426 1987 2972 3968 9468 6223 4428 6542 1930 321 3543 8390
41 9155 2213 6985 3062 4928 6385 1077 2456 8386 6048 640 1229 9035 284 4738 3407 1515 269 5156 9803 1668 8949 6742 4323 7909 9403 6641 2077 8544 3774 7931 328 7395 8869 3163 4645 3069 356 7247 7164 7031
42 5961 346 4017 9460 2070 5754 7899 4151 1148 2576 2447 2794 9869 8721 2841 2849 2933 6720 6009 5814 6075 4548 7374 6012 2185 9983 7308 5175 9997 4594 368 4891 1347 7604 1141 8146 2712 775 11 3134 8283 2369
47 8254 5650 6530 7066 8425 9307 6393 2150 8251 8271 8497 338 3581 2985 1960 6234 8176 7010 9107 193 3748 4461 8840 8340 377 7840 6025 6715 5174 8954 7836 6458 7697 133 145 5163 2838 7372 9078 6482 7028 6509 5255 1547 2122 4540 1217
44 6260 1147 3556 8403 467 4575 3243 7600 116 7574 9674 167 4816 2178 5153 5288 8550 3835 3159 6775 1949 3194 4335 7737 915 8456 1685 2489 2108 6827 5066 5989 3631 973 1998 5162 4190 313 7401 6611 6273 176 1164 494
42 9189 1460 2090 2434 3884 7766 9636 6401 6796 1375 3434 8696 2959 8773 4876 4402 8529 1567 7972 2556 1612 2035 1355 9041 6210 4906 1478 8914 424 8832 8669 5125 314 5973 7305 2504 1781 2963 1019 9108 7142 6189
49 1010 4370 7319 5947 5684 8293 3064 5025 9115 2411 6181 4457 5409 6251 5807 1421 8273 1731 2982 1576 7913 6806 1662 7460 7133 3855 897 7581 3063 3403 6689 6722 633 1472 6349 9761 5363 8806 8255 9825 3907 6510 7731 2049 5979 9030 7041 5558 5988
47 8590 7297 3681 7974 2717 4811 128 8901 9582 3355 359 874 9205 3082 9134 4526 5736 7453 6735 8972 545 143 9998 3842 5235 6286 683 131 6880 7795 3128 1658 9849 4520 4892 256 4608 2355 9812 9358 2789 2247 900 169 2658 907 2573
45 9518 7431 1886 4672 9978 7235 2891 4631 1836 6426 816 9246 2461 367 5463 4964 3284 745 3673 7009 4913 3616 5330 6647 8101 3898 4473 2634 6310 5370 8952 1964 6664 9538 276 6184 8280 266 3494 1846 6346 5422 8307 291 9470
52 1379 1533 6186 3869 8266 3509 1291 4489 3722 9693 7893 8061 9622 1743 1943 7185 9740 312 1705 2454 5698 7172 9864 8940 8259 3841 3993 1317 5205 222 9058 2254 6241 8702 5307 9428 8289 3167 1327 5601 4101 4983 2130 4893 5237 535 6439 4028 4361 3930 9642 3874
45 940 4930 1694 2947 8075 2880 3949 427 2111 9461 5499 7660 2412 4588 4603 2402 8500 1042 4015 521 5469 741 2019 8084 912 5069 5216 2525 544 7977 2123 778 8491 1661 5388 2275 4318 9628 6844 6175 7466 587 2059 229 603
47 7780 3815 1318 3562 4637 3041 3594 6058 4469 5837 597 3469 7129 8276 4042 6296 9828 7178 5679 2530 8488 7116 5447 4079 7670 4927 9813 6259 7854 9625 156 6802 4155 6126 2747 1969 7994 5287 4266 6432 2656 1403 3980 5182 8663 1014 5706
50 85 1105 9175 7067 7266 6383 20 6699 4573 8003 3415 7668 1632 636 7331 4935 2708 2491 1034 6324 6114 2409 9070 7770 6194 9216 3162 5543 3991 9661 7447 8592 2265 9626 647 5049 2429 5912 8202 7390 5311 5879 3055 9397 9109 2875 7321 5527 2758 3737
43 5440 4372 8817 9724 6485 990 3224 4307 1245 6577 5983 7779 3440 2649 2652 1873 6747 6582 5344 2244 1829 2845 7522 1798 6998 3153 1828 5414 3382 5600 9897 2297 9214 3188 5451 3643 4708 4068 3332 1311 8023 7082 36
49 2431 8687 595 3452 5376 3031 2277 2647 5726 9174 6297 2803 2904 727 8193 6846 2725 8479 2676 2626 3023 6352 2720 7580 9183 9467 8531 5574 793 2613 2390 5718 709 4865 1040 4850 3504 384 5704 2672 7294 9980 4808 878 1525 2167 6867 8026 559
48 9040 8814 9064 945 4276 4360 9032 4505 1707 7513 6003 6923 3173 6300 9521 476 4460 9631 7611 1109 3232 8845 5326 1412 8498 5810 9083 354 2822 3334 5293 6281 3891 1171 8258 5648 2222 9025 8080 5522 5934 2877 500 515 1673 4600 6674 952
47 1794 1048 4784 7538 8029 9543 9704 9808 1304 7778 999 8408 3479 2058 4351 3852 9097 2916 50 9511 2861 2659 32 8944 7816 2829 5629 9617 1653 2252 8261 244 8545 9359 8937 6708 7530 858 297 6876 7091 8960 1111 7465 432 662 9422
44 5429 4130 9954 87 4465 8507 4799 1031 443 358 4596 7481 982 1681 4533 330 4966 7263 185 6845 8487 8226 7793 7742 3408 1967 3436 15 6566 4805 6909 7195 3836 1975 2541 9251 9220 6098 5206 8158 568 523 2887 5342
42 7278 1591 7254 4376 399 9686 3226 7694 6390 732 814 7000 7896 5594 7926 53 8710 8372 5681 7269 2132 363 6478 393 2955 937 348 4620 7796 4347 5959 5925 5768 6403 6096 8646 6570 4275 2510 3900 7304 8462
41 4495 1610 539 2895 4731 3366 9072 3012 8180 9268 8362 6409 1219 275 6450 2 8978 5748 3264 107 5992 1861 8565 9777 959 6453 2710 9618 8897 6776 8742 654 4327 9854 1898 215 4921 3612 4256 5614 8800
42 5670 3248 2499 5502 2013 7973 3139 5155 2664 7051 1422 8021 9391 2003 3872 7200 7579 4602 6551 8647 1284 1377 434 4996 8559 6914 3034 4515 9450 5644 4486 7815 6237 6045 9472 3052 4512 307 180 6218 1262 4471
46 565 1360 7756 1541 9274 8324 3276 6583 1625 1695 4872 2974 702 7669 7197 8605 8983 4248 8133 6080 4205 1553 5524 8096 5233 4995 4009 9111 1511 3634 2611 6245 2776 758 4704 2813 7933 1711 8896 3719 1624 2315 8438 8078 6724 6156
45 9407 1435 165 6035 4396 1775 7954 1495 2280 880 2155 4880 4479 246 1199 4175 199 3741 9201 8012 895 7785 1883 6094 3702 9095 8240 2164 9248 1216 9941 2798 302 3231 2705 4915 9043 1536 2951 7749 8728 6739 2281 6235 6047
42 2650 3838 9386 6371 6233 5445 5685 8830 2550 3021 6579 6263 3065 9856 7606 1741 5123 210 563 2850 4823 9923 6703 3221 7236 1745 259 3873 8028 2258 6646 1877 9117 7634 2162 9379 931 9182 5092 7515 7922 4378
45 421 7827 3765 3196 5438 3003 5696 9670 5261 130 9069 6597 9614 2906 2604 3111 3132 3754 8569 7388 8370 6548 4667 4856 4524 5655 7249 2632 9084 7356 9650 791 8688 3091 3657 1453 5097 5903 5128 9330 6410 6559 9349 1701 1594
48 5071 5986 1249 2336 7148 8053 8477 9550 4842 9184 2978 2542 2064 7007 3758 7937 4254 3488 7396 2071 3103 4227 7886 2709 9167 9409 1831 6749 6070 1626 7157 7547 4352 401 9541 408 9673 6394 8167 698 9763 5824 561 7303 3734 8676 3206 705
45 8107 336 3726 863 9996 4797 635 9741 2817 6790 3435 9281 70 4781 6629 5599 5715 1139 921 3687 9818 5580 824 6033 5308 5621 8999 8724 8499 4698 4270 4839 847 2777 7070 9725 3384 5305 5626 8967 6536 154 4456 6657 9458