8 7468 1087 4261 3001 4133 5331 3922 9545
15 2751 5954 81 9478 9924 1554 5098 4401 6611 7518 2326 4757 7459 2579 2238
3 3539 3088 8838
11 9186 5141 684 3689 7658 2630 4820 3853 8877 2361 58
19 6647 8948 6630 3363 6452 6596 3159 5559 7397 2052 5945 1112 2691 2443 5342 3787 8352 5587 749
9 1381 7383 600 5404 4069 4735 8825 8700 3517
13 6583 8546 3887 9986 6614 7524 3700 163 8478 8090 3301 1001 4750
19 4214 6724 4572 9894 6325 6125 3794 5610 6475 7461 3590 2392 1961 9676 1488 3671 7527 131 391
12 4868 2693 1021 4470 1385 5376 6225 702 8006 9117 5790 4922
10 9418 5780 7947 3643 9949 5893 6153 1966 7123 8897
17 5307 4005 1303 2338 4496 2110 5 8805 7736 4748 2344 673 9067 6487 7054 2211 44
13 766 4058 6616 1703 7090 5961 6309 1814 5917 5286 7244 443 410
12 8596 1849 2330 8564 2368 2889 2196 134 2987 9716 1091 3087
18 9509 4507 6694 5502 1755 7555 870 4956 6512 5952 5590 6554 5754 5492 5410 5467 8089 3032
17 4830 400 734 1323 957 8359 7903 7080 7446 7960 7047 9024 9010 3595 2724 1708 9522
18 3516 7056 7811 8923 6160 553 8056 5053 4042 8437 3300 5258 7533 4680 2638 8327 5269 4393
7 7948 6845 952 3280 1086 1646 5127
16 3557 1016 3755 6416 6550 6946 8023 7978 8374 3591 1064 1749 3613 5633 3528 6444
11 6463 8077 5373 2922 9453 6251 1464 4934 1712 5773 7168
8 1339 388 8070 7835 9600 8726 5003 3857
10 7109 5985 3439 438 8202 9599 7906 932 9782 6890
17 8792 5255 2021 1142 1565 3496 8182 3867 4148 2567 6250 6070 2888 2197 5884 2029 234
17 7599 8394 9160 2470 2216 4154 6005 8843 8624 45 1390 9553 4996 9034 36 1375 4719
8 2418 454 1289 2872 2277 8195 9417 4296
19 3580 8936 7490 4657 8464 7295 8848 6420 9919 7727 9501 8757 9977 3942 1544 3684 1698 6632 4013
7 4829 1284 776 9567 4614 7252 9309
11 7444 408 1459 7233 3592 6929 3928 6468 8626 1720 9350
18 8373 3957 2549 4121 7934 2487 8194 26 2819 3771 5549 5063 8165 9736 936 5047 7374 3950
16 1427 6322 1512 5138 7630 6543 5540 6669 7023 9004 1954 3662 8580 6993 4218 6439
19 6509 4636 5176 6755 8010 4150 3748 5237 7763 3158 2364 7919 3630 1797 1149 3318 6637 204 3218
19 9503 6965 2523 2670 7768 7019 3398 2251 6431 4561 5962 4977 9307 1241 8058 6573 7851 5665 4392
7 3202 251 2902 9834 195 7350 8607
6 7206 0 7050 2698 5108 2816
13 7346 8902 5223 8064 8410 3503 8082 973 4108 8797 9719 6997 3871
11 5091 2619 3676 4210 5823 574 5767 2469 7395 3780 7681
19 6072 3620 7650 3292 7836 1663 2749 3844 4436 8851 8475 8275 9266 7880 1820 6433 1147 6351 2408
18 8048 3265 8239 1970 6340 5394 7588 6019 4722 8641 2627 1059 3954 3098 2864 4047 9956 1336
8 6377 9385 332 8935 9765 3256 4983 1892
11 6610 7342 5294 7200 5365 9659 6287 9741 6355 3533 1691
14 5371 4559 7176 6907 5898 6282 3448 3223 1805 6107 5392 9573 3128 2563
21 8102 1481 194 9672 1024 8614 8745 2324 2121 8150 9718 6028 5496 8721 1495 1599 176 3535 5454 746 5476
16 7432 894 8028 905 2018 647 1891 7062 7756 2088 1262 5455 7024 5774 4778 2169
18 6076 4127 3090 4080 4704 5221 7452 7634 6380 7351 6787 167 1383 2647 3350 1602 9531 4305
4 8727 2620 8080 3492
16 7609 8950 6518 9649 3216 2966 8339 5338 1092 3023 9849 7437 3449 6176 3586 2897
12 1319 8200 6387 1542 3209 1358 505 1569 289 4192 3543 5244
18 8886 6320 5597 2876 1363 8566 822 7741 6078 979 2334 8353 1915 6464 1274 7382 7257 9069
2 2736 7015
12 5059 5639 1936 78 369 8937 6951 727 5339 4354 1558 8905
14 9449 4412 6562 5762 7182 3679 6627 9445 1025 2019 2679 3349 2623 4197
10 6403 6200 8581 8254 5509 9997 6291 5749 4542 6461
17 4774 2896 5693 3805 6887 4751 9146 9826 764 7651 2624 3234 2583 7079 7869 5408 5273
10 7453 1143 4500 8218 6074 9967 5778 7977 4909 5538
7 8303 5742 9788 2376 6405 4846 7204
18 7314 9897 494 1033 216 8104 4612 8325 5650 6165 8917 2792 6148 4339 7951 2564 573 5110
10 6686 548 1645 9895 6224 6891 8137 3837 8106 1173
5 7025 4644 8994 7089 4474
15 4836 3298 3008 9810 5260 464 4672 8162 5088 3935 3019 2182 4945 8454 9614
15 6365 9613 3530 643 5479 1533 1685 813 2473 2970 7813 3619 4341 5499 6084
18 8433 3257 8798 375 9147 9505 9156 7513 9112 4932 6578 8483 7290 111 6650 4725 8908 5179
10 6515 7458 784 9535 2194 5623 7597 1052 2814 3224
2 3647 1000
18 4435 2147 7150 5346 7688 9878 5470 1705 4345 9062 3079 1836 8849 7991 5609 7946 3238 8196
17 995 524 5021 7556 9714 1579 561 5306 1435 298 2612 4577 5928 4363 3313 3480 1136
18 3111 9920 622 6244 7579 3512 9664 7157 7291 4142 1137 1268 1824 8280 7783 9796 8321 8789
12 3291 3161 6793 1889 1144 9908 3525 6847 3039 1614 900 939
20 1736 1478 2760 4819 2923 6634 5181 8335 2198 7830 4835 9129 4929 4766 5845 1195 6959 6339 5512 4795
13 4070 3325 6680 6306 7744 8752 6683 7328 1036 8724 5225 9532 8744
18 3733 2984 6725 8170 1697 4635 8585 6264 6529 8512 1921 9053 8014 9373 6221 5657 8120 3984
7 7773 7075 323 441 7789 2103 1958
17 2359 6607 3758 7020 2461 3680 2715 1537 5850 6300 5383 8418 9154 2692 2372 3978 8350
11 8730 7662 3232 4482 4901 3142 5671 9131 2200 5788 9430
15 6745 5532 938 435 8469 4128 5730 8016 10 1811 1014 7992 4079 7126 6080
11 9868 6060 5008 8107 4730 1536 1939 3856 6314 571 7606
15 9999 8139 1422 3278 5064 7516 8971 6561 9587 4995 8358 888 371 6453 6246
14 89 5891 6995 1654 1806 1879 4198 4691 3766 6147 1683 8966 6933 406
5 9925 9803 129 7842 220
17 8632 3833 946 1847 9586 744 2548 4029 4915 1707 101 3041 8154 3932 5280 2628 5438
14 3225 1682 7210 9444 9336 8839 3813 2827 9689 416 4273 6227 4760 6944
19 7635 8061 9578 3537 533 3323 4973 2000 6880 6936 1764 4240 8065 4169 7096 6941 3715 3048 8654
4 4887 3367 1226 9938
18 5950 210 8298 9540 7504 6220 4815 4404 3510 4539 965 8233 5624 8345 1487 4700 7044 8054
5 2718 1114 763 7304 6111
14 8571 1421 3311 8188 8115 4968 6932 9230 1028 2002 1661 1948 1701 3727
17 4580 5711 9011 8201 6678 6566 3788 5238 9057 4362 1837 9814 3563 9281 9940 4378 5399
11 4411 7511 7775 6157 6530 7057 4367 8943 8217 6434 7223
20 1040 3527 3453 442 9042 3900 3409 7101 5816 7589 2995 4622 5793 7945 8307 2685 6391 8765 7487 2321
11 7376 6382 8975 1286 2032 3682 3889 6445 6154 8618 8777
18 8189 864 1842 2031 6582 80 4004 774 7700 6895 1858 3835 7758 7095 5390 1887 3033 797
16 437 474 2882 5920 7380 4415 6462 3166 8113 7892 7121 3259 4592 7670 8152 3698
2 5982 9723
8 7347 7684 7767 5533 6348 9831 1740 9759
11 4588 5254 1781 7340 2133 1380 1859 4010 5148 2255 6494
21 2615 2857 6062 9338 6053 4984 1777 902 2483 7558 8426 9660 2703 2333 2087 5349 9259 8180 7175 6260 6011
7 872 3861 8278 4763 8999 5348 6022
13 9044 6855 831 33 5582 2796 7902 3597 6396 3943 7831 9326 4955
12 6879 3252 6499 1088 2968 6812 8017 314 2750 7338 6185 7696
15 5578 8722 264 6988 2172 8341 2379 5185 6354 9437 9606 3305 296 6675 7855
16 6208 2166 6597 8667 2858 3134 6687 9580 5736 28 3071 3998 1378 4741 8211 8865
15 3827 8245 680 8820 8633 1253 2940 8729 5896 333 8859 3819 1552 5065 1254
16 2977 1763 7088 1721 6170 285 1007 9143 6432 7607 9699 8238 4994 3929 9811 2185
12 9530 9021 6521 6581 948 4385 165 5531 748 392 8723 5697
19 5498 4249 6399 9313 6256 493 7194 4274 6035 1320 2908 8122 8078 9051 255 4145 8861 4723 5275
17 5721 6801 9804 589 8251 5811 3091 624 7497 4089 1904 7801 6661 3113 7565 792 6524
4 7325 3638 9311 2363
3 2939 6018 2448
7 2297 3230 1751 1808 8554 1139 9013
18 7891 7438 9608 1633 5794 7859 3773 2599 5676 4073 4322 5831 40 860 976 6931 2441 868
16 9910 3848 2075 8940 9398 5489 1977 7425 3506 777 9221 1506 9365 1055 3562 7617
16 9541 1046 5809 8342 2680 2893 876 5820 874 9363 5900 844 556 5688 5545 4865
16 9740 7971 867 5161 5976 7731 7867 1098 235 6276 9891 8265 598 1576 1185 9312
14 3362 5864 8029 5080 2136 9135 850 3322 2726 6782 1622 1641 9781 9690
12 3207 8340 8099 1342 1219 3598 9324 8866 7676 8424 2139 5760
17 8982 935 7816 3296 3731 6116 1225 1551 3354 6142 3558 1153 998 8235 7739 3440 9243
14 7108 3104 71 2283 4857 2592 6516 564 2475 9025 6760 1624 4445 757
12 7061 5593 5222 9726 7671 6417 6775 5095 4267 5647 4124 2671
15 379 1713 688 6226 5094 4758 1365 9821 1979 8959 2011 4692 755 9794 6690
8 9459 25 7127 6576 8199 7472 1636 4509
18 8397 9636 7367 6830 1034 3829 1525 7521 669 9353 2716 640 7317 3797 9396 8098 270 5449
11 1146 4419 7528 9253 8906 1354 4972 8147 9206 107 667
13 1023 7146 5171 3432 2406 6769 5215 3359 3422 2772 1080 1191 8301
14 2709 2237 5658 7930 2768 4358 2697 2530 869 9885 8057 7938 6700 8012
18 7275 7711 4863 726 5211 2026 579 2142 2509 9668 5889 16 5126 6978 5745 3745 3198 6330
12 3147 4068 9563 4744 8819 7037 189 750 4239 1865 5659 431
15 8679 1670 6333 318 6259 2454 14 2911 8678 495 3206 2823 7826 7937 4883
7 6190 5553 7288 2349 1290 9875 5046
14 7655 9071 3990 2240 8526 788 8665 4114 140 1155 1572 6315 954 8677
19 4802 6514 5717 2128 582 2382 849 1026 9721 3429 5099 9946 2534 9656 4620 2456 4771 2114 60
12 4528 6430 1652 5653 5020 2091 8260 737 3132 160 2221 1731
11 2412 9569 7534 7778 5570 1056 706 6335 5912 4311 2165
8 7110 7239 5322 4998 1570 5916 2606 9850
12 2099 9463 5997 2805 6894 1582 2416 9211 2127 4759 2257 1082
18 3685 3624 2337 2285 962 2754 933 4147 8294 996 1591 1737 5357 1982 8385 1259 8847 4918
11 4557 7113 5734 5738 4174 1878 5551 6721 1825 2818 7509
16 742 6 1430 2056 6102 7747 2894 9697 7031 515 7488 9772 341 8863 7485 7825
17 3504 2747 258 7924 723 836 377 2936 252 2820 1239 829 3376 6553 5142 224 3886
11 4520 1022 6274 4172 1780 1362 6624 7714 7624 6285 6492
4 4941 9251 2664 5037
14 5332 5391 6699 7926 367 8110 6134 3013 4926 5203 8611 3279 8008 5874
2 8563 820
16 7600 1513 1428 4228 9376 9784 8447 1473 9989 269 115 9157 4817 7093 9404 6273
18 3388 6794 2589 6966 9456 5626 5287 5136 191 3118 8248 5361 1231 7968 8126 4479 2873 1360
12 3608 5683 6087 6427 7235 5414 5707 7979 3687 4448 4987 8957
14 5444 5934 2405 3181 6813 2811 5810 1073 3076 1044 5122 5791 1157 6828
7 4793 5067 7393 4931 3914 731 1403
17 2593 7957 7844 9903 7000 5486 6873 9512 3776 1816 9594 5104 1351 2847 1164 7283 3569
16 9519 137 8946 6245 7601 4107 4569 1918 1732 3186 9669 5233 3254 1658 1134 8684
20 3315 7198 212 6247 6009 8063 3393 6041 6513 7164 4850 1769 1573 327 4611 5839 1395 5685 9568 971
15 5245 4191 1538 8304 5491 7285 3919 1058 1766 3600 7413 3248 7983 2610 12
4 1880 5969 2830 8375
21 9084 324 1492 5517 1042 825 4173 1864 7614 8522 2154 9534 7390 6108 7416 4251 3094 6210 3860 7215 4338
14 3693 8996 4950 6158 2782 7408 967 2451 8836 3408 8286 8409 3902 7751
16 6825 268 5461 4212 6409 7191 5465 5178 6511 4752 205 8944 8964 9239 7202 5230
16 3193 4810 9533 9100 9170 5913 6435 5761 2517 8380 9434 1514 2219 246 795 1120
19 5140 7952 2806 9682 8231 6563 5763 9833 2524 3441 6820 4166 1990 7268 9384 4962 7214 4662 4399
18 7152 3055 9232 8167 8412 7457 267 6773 5844 4852 6535 5859 6313 5450 4193 7032 5988 7
8 8605 218 828 8931 7173 5953 411 7163
10 492 9474 5198 1347 8095 54 336 3189 5068 6770
12 7990 4043 8995 2433 2100 5430 4333 6302 2258 3523 7058 124
13 666 7483 2654 9787 1456 3478 6342 1975 7980 4165 5224 8887 7049
8 2346 5562 3633 2096 8622 6717 3125 8163
12 1246 6293 1959 6298 6127 1077 9708 8500 5363 5501 1619 5731
16 9436 2191 9076 3828 2998 7850 1651 5674 1795 6823 9961 8893 2929 1249 5446 8131
9 3358 7997 3791 5379 6531 9970 5058 5666 6193
16 6150 6911 9257 4122 558 1204 3718 8440 5530 5925 3822 988 8114 566 6586 4501
11 310 5281 4100 3330 1722 5416 3120 2083 8405 9387 3884
18 879 8430 2983 8458 7699 6602 2809 5066 4712 2931 3137 5493 8391 1446 1906 383 2450 231
14 240 3566 4235 928 9179 9152 8224 9380 9624 4683 2347 9145 8541 3107
13 2866 4450 3850 7316 247 3395 736 4280 4976 4538 3863 5547 7008
7 1626 7972 8249 5232 6350 2764 2130
9 1140 4949 9245 9798 3413 5930 4640 59 2914
16 798 6520 1228 8086 1553 3737 8009 9856 1894 4468 1813 75 4242 8001 8519 4041
13 1178 6441 5877 7014 2933 815 7917 201 1588 2271 710 2617 8269
3 6517 6744 1009
11 9360 4465 3552 9381 9588 1094 470 7436 5714 9439 4861
5 4818 4736 7753 6371 5616
18 2649 2132 9392 9497 4877 5801 427 4025 2284 3494 1765 8753 3567 3723 430 9126 7002 2658
18 4573 550 7319 4380 2668 3468 604 9321 2913 5268 3387 5146 7718 2488 4649 7184 9749 966
13 9346 3028 8895 9092 6792 5345 5993 6368 5550 6701 6388 8770 5939
11 3729 2308 4405 6075 5580 7478 1786 4310 8714 5555 9887
8 5226 605 7218 1074 8808 5937 9990 2243
19 457 767 5732 7329 7610 921 4314 2037 4024 207 690 4351 8927 6447 2870 8860 4728 4057 8648
10 8111 7196 5679 3027 581 6152 3941 9674 2152 1084
9 4483 576 5589 9642 6644 7720 4140 3825 2786
11 9763 908 3694 8958 6560 2759 4442 8658 4697 2848 49
7 8253 8719 9966 301 6817 7391 3458
7 9121 3650 2510 4823 7904 242 4908
11 1018 6910 9055 3438 3810 5830 926 1919 7642 1318 3617
15 8878 8568 8284 8411 7682 259 6145 7136 7667 4447 1377 1295 9747 4425 1950
11 8773 4123 6465 7623 6594 5612 9555 7591 1128 5524 9753
15 3824 2481 8357 2561 6859 1371 8922 3235 9422 8053 6696 6731 5865 7489 8308
7 719 2951 4022 8279 2976 4695 5149
12 7522 3324 1882 2300 2124 8344 6112 312 3327 3719 9178 1823
12 2265 3061 1854 991 770 1408 8468 6976 2763 9909 5825 8480
17 1545 3178 1333 1132 8609 4940 3022 3213 4157 1877 8417 2034 4189 6233 7888 6288 8210
10 6039 5382 6904 9865 2836 2629 4563 2457 3880 9918
13 8553 3389 8073 6114 686 8549 4952 685 8221 3021 5459 906 1929
17 5295 2777 5851 9737 8035 7899 592 816 9299 7729 5625 4963 6539 3412 1540 6918 4531
19 1322 6618 156 3952 6662 2202 6046 382 6617 7028 339 6506 9064 2262 7310 9650 7311 7035 4803
8 2591 7280 4281 4432 6249 7996 5190 8925
7 4679 6143 9258 5669 7467 5563 7133
17 8471 5949 497 6412 8158 8525 3442 5241 3864 6768 2740 2203 1484 9040 9358 648 3184
9 8192 881 4936 7330 3179 5518 393 7343 2890
15 4948 9049 6197 3699 6674 2462 6819 787 1594 2027 5207 5057 6295 818 2909
17 3135 6645 5426 507 4015 5457 1524 2247 3136 8451 5097 4754 8299 7201 5264 9792 4185
19 1893 8718 4379 2773 8998 5380 3205 9158 481 4238 450 3820 3074 5024 1905 2064 5460 1758 2307
9 9349 943 8348 4599 1927 7863 3344 2175 6623
3 9287 6090 644
8 1817 9579 3809 4000 722 2865 5434 623
10 1874 9914 7352 291 3427 7584 8523 675 2409 7969
13 2717 415 7410 4078 2499 2491 2063 1213 1759 418 7297 4292 4332
5 5983 2669 8156 8019 9061
8 2176 6311 6349 6384 6460 4158 3934 526
12 2015 4065 8490 7733 2092 1 9058 188 5536 532 630 3064
12 8578 2981 6665 1666 8828 4671 7228 5078 5364 3497 7649 8941
11 4604 3705 5919 3519 8389 6229 3304 2289 6177 9277 3000
9 2660 7784 7069 1744 2003 9174 2410 2163 6853
18 3903 4135 5868 5412 977 7242 272 7334 223 5229 9839 904 424 5918 4785 7011 2845 8022
11 8422 2112 3163 1131 4727 8704 4040 2540 9591 182 6872
8 3708 4325 5197 1180 5687 2353 4488 2704
18 9750 6735 8830 5635 47 2706 4900 3360 3637 6010 6014 3219 6892 2946 6151 6258 3140 8216
7 1844 1208 3227 535 4049 2287 1150
10 8071 3751 8606 2516 9827 1187 855 7959 747 4755
12 4646 1706 2678 4144 3634 3034 7100 1585 5797 5051 8069 9390
16 4523 2710 9702 76 5347 6917 5840 7265 6038 7918 5581 8756 1301 525 299 2650
9 6912 4321 6297 4152 4230 8083 1095 5504 7603
13 3870 9840 3534 7627 2071 9639 3293 9843 6626 8453 7052 9860 4156
14 7379 1776 6541 7119 5858 8244 5475 1923 2915 3084 1890 8132 8363 955
15 7506 7707 2263 141 6795 5819 2852 7563 5703 2001 4375 5333 603 7039 635
16 854 31 5561 7782 1111 8153 9397 4624 7643 3368 2049 1214 1327 1726 5439 5423
18 4390 1433 5782 1346 8506 7174 5520 6042 5785 7749 7800 9822 1606 2518 9915 4324 8364 1898
9 3381 499 1659 5316 8663 5876 395 4650 2862
8 8670 984 7094 1935 6761 7289 5311 9525
9 1803 1785 4510 3060 9542 559 7154 8174 452
18 9229 8881 8620 8534 6424 8739 9175 1983 6059 1875 1486 5298 6962 7386 8556 2597 8972 4374
15 1269 8793 5437 5134 2122 9648 7296 1423 5618 9984 5469 4149 5682 2618 9088
10 873 233 5168 5374 2192 2877 6318 664 9317 2055
13 7575 5350 4768 5481 1156 2098 4403 7544 2421 4402 1205 1306 6136
14 7464 1186 5994 657 2815 5151 7496 752 5115 8751 8884 8100 5111 8582
10 7716 9754 5802 3081 9978 3015 7181 398 2138 8850
6 5968 1973 6397 6124 4779 6073
18 3246 9548 3116 5471 1866 2527 3752 652 883 6324 2587 9807 1166 590 9193 1076 6715 3712
18 4255 6239 243 7557 2742 7994 1321 7051 1199 4570 717 9677 8322 7484 7261 401 8907 901
11 2430 9372 6015 7248 1350 42 9431 2373 7615 9467 6613
10 1067 2343 9231 1216 9379 2553 4 859 8572 170
18 3964 6622 9585 5662 4854 1462 7115 2061 6243 1702 1085 8536 7460 2225 8404 7307 4790 913
10 8402 8788 8913 3927 9214 6621 8336 2227 5848 2521
2 4027 8824
3 1159 2212 1452
14 2944 1789 4438 4492 440 8481 5834 1060 4551 915 4904 3711 3456 6934
10 2053 4204 8720 9575 1946 4516 4961 4911 7160 465
11 3560 2214 9607 6408 5786 1618 5109 3237 9916 616 4841
11 311 9289 262 7153 3611 4082 4272 7426 9329 9250 8612
17 799 1316 4177 6362 9495 7078 5017 3338 2795 994 317 7375 5035 6467 5055 3858 7795
7 1135 229 5637 360 1258 7953 2625
17 5296 3430 6889 4913 6327 2178 2428 6146 6603 3571 1479 8295 6242 3559 9673 9354 4951
11 923 3272 3312 1118 1899 5638 3965 4284 4701 3204 3883
17 1113 568 9943 3371 3396 3779 9270 4625 4716 4762 5401 654 6948 2586 5002 8898 7814
11 7147 1560 8762 2495 2642 9083 8331 4668 5973 7625 3310
9 3491 2177 446 1283 2879 361 7881 8222 1202
8 6321 2582 1229 3347 3046 3656 1848 1972
21 486 1992 8024 1273 8767 1267 9341 9065 1005 4924 7130 2050 2676 3018 6183 9197 3971 3488 6016 2223 3931
10 5991 362 3014 1119 9791 8393 4606 5855 8423 9993
11 7433 819 73 898 82 885 6534 7087 4578 2253 8669
18 8809 9817 9687 1860 3017 3852 2115 4258 2167 1768 2016 3063 6790 8790 2131 5631 4641 3286
13 1037 3508 2825 712 4953 2173 4608 1432 4626 4298 3043 9172 8429
14 3760 183 7898 315 428 510 9583 2991 7247 3447 9711 8333 4383 8123
15 3739 35 3594 698 880 5103 2729 179 6056 4030 8532 1522 9369 8818 5586
12 8330 7771 9880 3741 651 4639 2744 9780 8755 3289 5044 4545
13 7862 8290 1411 320 4252 5174 6606 5753 4747 1238 9351 653 3514
18 8520 2556 588 8857 1944 6155 1831 6545 1747 3968 9764 6945 1526 1129 4490 108 638 4277
12 9019 549 7940 3433 8822 8666 9124 1754 7669 9818 5696 8636
11 8711 9744 6850 5164 9153 3056 3959 3273 471 4891 8499
3 6753 9252 7641
17 6740 5883 6133 4788 3540 4548 5505 6262 7344 1991 5156 4182 6555 9413 794 2494 7766
13 4417 1416 4530 1102 1623 8862 6178 2057 8778 2689 1928 7264 8942
9 306 7536 5747 13 2739 6577 2249 1093 925
10 8184 4709 2162 43 4603 1559 4134 8503 5030 70
12 1105 5813 7519 884 6972 2144 3431 8387 8701 7038 2358 5672
5 2758 1061 8319 1115 626
6 5649 5573 5646 2298 4898 9176
6 364 4317 2007 2148 899 1006
7 2384 8929 4275 8837 7989 8337 840
2 3654 7909
8 1192 4181 4084 2204 7577 3690 1788 3484
10 2288 807 7680 7125 539 4054 5293 2855 5157 1574
11 4352 1206 5821 9929 1947 3277 7742 9448 6230 3838 5029
7 5441 8780 7713 8949 4862 5931 1809
8 1855 4012 2608 964 5247 2656 5508 4178
18 5887 8292 4648 9267 5660 8672 4366 8207 7705 7192 6679 5737 5327 8206 5935 5894 3589 8377
5 8965 3696 6994 3380 7708
9 5513 9048 8326 9528 3020 5664 2310 6212 4923
6 6527 8599 5326 9770 7017 8463
19 7501 6536 985 2546 1280 4586 8431 8576 412 9652 4176 9460 9275 8487 2730 2544 6870 7539 7349
17 6319 8215 1709 871 5652 6473 601 5941 1298 5463 6886 6267 912 9423 8501 307 8543
14 1002 6222 693 8473 6564 5152 6214 4808 5599 504 5873 1277 304 5784
18 7097 5377 8031 9138 5124 4439 7259 3917 2407 6999 1071 6406 4183 7833 1174 1343 9932 1653
12 7362 5914 9547 8459 756 7754 3642 3981 6086 5723 2493 8717
4 1555 6834 7068 5776
16 768 584 9090 4475 1108 5340 3973 3031 8740 1049 4427 7315 8528 1141 9499 8939
8 8890 1426 8230 5960 911 7042 6964 2090
11 8088 350 2411 9756 1819 8743 5897 5644 1472 9922 632
7 9824 3614 2637 6840 5987 302 9637
17 3986 1676 2315 6228 2790 7392 6580 4965 1126 7165 1359 7560 7530 8226 9331 1437 1677
16 2171 3635 4493 9072 9238 4220 1409 4335 4715 1490 3792 4019 8517 8535 4726 6919
12 1563 174 2476 143 1308 8141 3303 1003 4982 2595 8638 1547
12 7122 594 7561 1285 4584 2342 5506 9507 9198 3059 9099 5125
21 1326 4286 7102 7986 6066 7884 6877 1564 2602 2557 5648 8987 2572 6096 4254 3985 6294 4268 1127 6667 8594
4 4471 7809 7189 1107
20 5812 4433 762 8508 2822 7193 3548 3651 2937 5829 2498 5106 5173 7942 3264 9148 5144 2097 845 3035
19 6547 1978 5908 3940 378 9464 3905 3173 477 3476 7923 7943 5750 2503 3405 8497 1951 790 1288
8 9693 8000 3774 1925 6241 6482 9290 3545
15 9864 389 9658 7036 707 5166 2849 944 5312 8608 6954 5677 9775 181 8169
8 9550 4838 1356 940 5431 3099 6702 7950
11 180 5705 9621 1367 9047 2514 3012 2120 811 9577 5629
11 7621 4361 4241 8900 3472 2370 4162 4116 5718 9536 1207
17 1194 9601 636 6974 4224 3222 6503 2380 5130 8108 2886 4120 3268 2728 8124 5395 7964
8 2887 1562 4476 1772 4812 5485 5435 1510
8 3936 4006 2134 4199 6257 796 3302 263
15 3334 8661 3515 5764 7510 7250 578 9653 2302 8598 5544 2683 6569 7559 4732
20 7929 9184 4494 8509 6004 7224 6132 1260 5684 8909 3345 6688 8867 7388 679 778 2389 910 9931 1507
18 6207 3669 4844 6470 351 2907 8413 3454 7872 1590 8270 5257 3485 79 7722 5857 8443 8171
18 5169 3722 9836 2695 6868 2004 1051 1252 3211 8097 3736 6037 9105 5577 2779 321 6419 5817
18 9985 5317 7988 1561 8840 6184 6928 3117 9973 8432 1296 5362 4769 7029 9703 1801 4446 3402
13 9913 6914 3337 97 9471 839 2378 4269 1300 8349 4506 2868 7441
6 5903 6600 1642 5978 4243 7611
11 7613 6692 7854 7679 3570 6281 5787 8332 5836 1230 6693
11 1922 613 3145 7703 432 7706 4971 2371 2953 2604 8775
12 2541 5909 6480 852 5334 6032 614 1096 3455 1730 4077 7348
14 9515 7535 1282 7633 6389 9029 2529 5202 6559 6955 9773 2010 3386 8091
18 3926 6884 8334 2645 4840 3169 7757 2413 6323 1868 116 6788 9455 3171 5494 783 4424 3185
7 8967 384 2070 6935 7356 2145 7568
15 5979 5147 4373 21 3210 4381 2478 3434 1287 1846 3505 7303 3172 7185 8738
17 3742 2735 4205 6381 1660 633 2431 5622 2722 6169 2466 3356 7027 9399 2059 7985 7537
20 3655 5250 7657 4832 6575 6572 8004 7668 1041 1394 4092 8258 4061 9713 2978 51 1909 7001 3618 2117
16 1439 4992 9402 3868 9513 2765 3006 8610 8821 9435 7954 528 6421 4236 2312 4308
2 9927 835
4 7804 1027 6477 2840
4 3321 6238 8623 3612
7 9954 1695 6217 7053 2609 2427 9196
19 9845 2480 6173 8759 856 2690 5977 6633 4876 4942 153 8032 6117 4928 9906 8921 9227 914 611
14 1529 7373 8173 5000 4074 4678 7520 3609 3730 9461 1020 7251 1938 2878
11 9249 7779 9755 4431 6720 4997 738 7540 3836 3987 8232
18 8885 2774 5484 7229 9869 3603 6248 2694 6198 6676 8281 3681 6766 6991 9389 8880 4473 1881
14 4048 1610 8891 7277 4364 7962 8947 5378 9493 5946 2329 3644 421 8910
12 1998 9109 8815 4320 3320 8441 8355 6979 6588 4554 1212 1261
3 5071 4329 3899
8 2573 2125 609 6191 455 9771 7404 1577
13 8047 8356 5910 4175 3688 9102 3390 6759 2354 2492 9339 1242 2813
11 1956 2812 313 8297 4824 5320 5980 7878 257 4886 7112
3 4138 7355 368
10 1399 8493 7450 9899 6631 1976 1987 9374 3762 1718
15 641 2954 1835 7363 4231 198 9552 6947 5432 7719 3250 6612 8625 3969 557
12 1344 9748 1474 7673 3374 2964 6093 9958 6973 3892 1575 7111
6 3709 6591 3507 6104 3042 1304
12 4011 209 7659 7142 4967 3975 1413 185 9854 4295 5775 9766
4 5480 9520 6869 1293
16 8758 3536 7788 4799 9180 93 3980 5118 5396 1535 9465 3465 5121 5571 3417 1549
20 7059 3740 4511 8978 4340 2881 9081 9273 1679 1802 7274 5724 3759 3481 1962 8460 2905 5964 295 9476
12 5975 1586 5828 5621 8845 620 5236 8172 3255 2725 1418 562
6 2528 1190 1694 522 5841 2853
11 773 5815 3703 288 9322 8914 5634 3749 3526 316 7105
17 39 8038 2074 1940 9644 7476 9026 5758 3229 6681 9582 5019 5640 4009 2752 6595 1374
17 9489 6484 230 5158 4991 5330 8121 1895 3221 34 9123 6106 9700 5474 8311 5542 8138
3 5886 5478 6960
3 9377 1546 3288
11 7913 211 3767 687 6495 3143 8507 5011 8685 1704 8874
8 2486 3086 1821 1035 5010 7358 3945 9005
11 7678 9848 9760 4051 9661 3102 3551 9494 3665 5150 2273
8 7013 8934 8619 9998 9304 4568 6063 9876
7 23 4717 9451 1442 8870 4556 3588
13 4467 4337 4698 7267 6089 5572 6949 1334 2594 1379 8282 6981 8558
11 7581 9933 8986 3284 3343 6653 7427 7183 3631 2280 6505
17 789 8204 8276 8240 18 5272 2155 8904 9945 3407 919 1957 2069 9210 2961 9296 587
5 9483 4301 3702 8365 2926
19 4939 1209 5384 4687 8448 7071 2246 2793 6729 1931 5690 6065 8011 3004 595 2226 6266 5588 9443
7 978 5604 4753 9861 5248 3464 1083
8 476 2502 9862 5842 9960 6481 9097 8013
12 563 2269 631 7672 9484 5117 2500 593 3641 7219 3500 2880
12 2445 9735 4811 6099 4773 5084 959 9596 5443 9120 1829 1244
11 6252 4052 1949 2684 8081 6113 8657 7697 3898 2666 1089
13 8119 249 5557 9609 4772 8702 8565 1818 4600 3180 2755 5354 5265
11 1778 9921 9686 7546 9615 6363 9829 804 5159 4540 2843
10 8968 6129 9732 322 5284 8879 6958 8384 5077 980
9 3341 1015 9403 9739 9294 5048 9454 5926 9488
7 7632 4925 5062 5895 8538 805 5575
12 4420 3138 9199 5608 7143 7241 8414 5661 6899 6051 5596 9215
8 4796 2463 9220 8142 7586 9323 8613 7335
10 7284 4629 5344 1615 7195 1341 538 2993 2794 9203
18 3030 9301 1400 8892 8237 6567 5847 7663 7498 3502 2381 8354 8716 7828 3804 4091 343 7302
14 7482 9462 1177 2677 3728 3911 7420 6303 1933 7725 1760 8540 7166 6750
17 6913 3778 5556 4072 3445 105 9030 9647 8761 9745 1397 9964 9056 1476 8552 1410 3897
4 1376 9359 2851 1680
10 8306 6762 9663 9883 2844 6118 447 6278 7371 1247
8 7227 3890 148 5022 9558 2785 2276 144
8 8227 3297 329 7337 9898 7590 4095 7834
11 4469 6548 155 7368 2474 6501 8888 226 9119 9638 4315
9 3578 5325 5343 7815 5072 8561 1699 4416 5370
14 6031 6540 1431 488 6301 9295 7387 3419 1969 2550 5630 390 3812 6507
4 6544 7760 2839 8371